2019-10-16 17:44:22 TestMail163AddContacts.py[line:51] INFO 163邮箱添加联系人数据驱动测试开始...
2019-10-16 17:44:29 TestMail163AddContacts.py[line:73] INFO 启动浏览器，访问163邮箱主页
2019-10-16 17:44:32 TestMail163AddContacts.py[line:82] INFO 用户 Lyazhou715 登录后，断言页面关键字“收信”成功
2019-10-16 17:44:38 TestMail163AddContacts.py[line:116] INFO 添加联系人 lily@qq.com 成功
2019-10-16 17:44:39 TestMail163AddContacts.py[line:130] INFO 断言关键字 “lily@qq.com” 成功
2019-10-16 17:44:43 TestMail163AddContacts.py[line:116] INFO 添加联系人 zhangsan@qq.com 成功
2019-10-16 17:44:43 TestMail163AddContacts.py[line:130] INFO 断言关键字 “zhangsan@qq.com” 成功
2019-10-16 17:44:43 TestMail163AddContacts.py[line:132] INFO 联系人zhangsan@qq.com被忽略执行
2019-10-16 17:44:47 TestMail163AddContacts.py[line:116] INFO 添加联系人 lisi@qq.com 成功
2019-10-16 17:44:48 TestMail163AddContacts.py[line:130] INFO 断言关键字 “李四” 成功
2019-10-16 17:44:48 TestMail163AddContacts.py[line:140] INFO 为用户Lyazhou715添加3个联系人，3个成功

2019-10-16 17:44:56 TestMail163AddContacts.py[line:73] INFO 启动浏览器，访问163邮箱主页
2019-10-16 17:44:59 TestMail163AddContacts.py[line:82] INFO 用户 Lbinbin715 登录后，断言页面关键字“收信”成功
2019-10-16 17:45:06 TestMail163AddContacts.py[line:116] INFO 添加联系人 lily@qq.com 成功
2019-10-16 17:45:06 TestMail163AddContacts.py[line:130] INFO 断言关键字 “lily@qq.com” 成功
2019-10-16 17:45:11 TestMail163AddContacts.py[line:116] INFO 添加联系人 zhangsan@qq.com 成功
2019-10-16 17:45:11 TestMail163AddContacts.py[line:130] INFO 断言关键字 “zhangsan@qq.com” 成功
2019-10-16 17:45:11 TestMail163AddContacts.py[line:132] INFO 联系人zhangsan@qq.com被忽略执行
2019-10-16 17:45:15 TestMail163AddContacts.py[line:116] INFO 添加联系人 lisi@qq.com 成功
2019-10-16 17:45:16 TestMail163AddContacts.py[line:130] INFO 断言关键字 “李四” 成功
2019-10-16 17:45:16 TestMail163AddContacts.py[line:140] INFO 为用户Lbinbin715添加3个联系人，3个成功

2019-10-16 17:45:18 TestMail163AddContacts.py[line:145] INFO 用户None被忽略执行

2019-10-16 17:45:22 TestMail163AddContacts.py[line:145] INFO 用户None被忽略执行

2019-10-16 17:45:26 TestMail163AddContacts.py[line:145] INFO 用户None被忽略执行

2019-10-16 17:45:30 TestMail163AddContacts.py[line:145] INFO 用户None被忽略执行

2019-10-16 17:45:34 TestMail163AddContacts.py[line:145] INFO 用户None被忽略执行

2019-10-16 17:45:38 TestMail163AddContacts.py[line:145] INFO 用户None被忽略执行

2019-10-16 17:45:42 TestMail163AddContacts.py[line:145] INFO 用户None被忽略执行

